Removed Member From Class: ClassName=Cegep-tabloid Member=R14
Change Component Designator: OldDesignator=C7 NewDesignator=C8
Change Component Designator: OldDesignator=C8_MotorDrive-A NewDesignator=C7_MotorDrive-A
Change Component Designator: OldDesignator=C8_MotorDrive-B NewDesignator=C7_MotorDrive-B
Change Component Designator: OldDesignator=R1 NewDesignator=R6
Change Component Designator: OldDesignator=R2 NewDesignator=R7
Change Component Designator: OldDesignator=R3 NewDesignator=R8
Change Component Designator: OldDesignator=R4 NewDesignator=R5
Change Component Designator: OldDesignator=R5_MotorDrive-A NewDesignator=R4_MotorDrive-A
Change Component Designator: OldDesignator=R5_MotorDrive-B NewDesignator=R4_MotorDrive-B
Change Component Designator: OldDesignator=R6 NewDesignator=R12
Change Component Designator: OldDesignator=R7 NewDesignator=R13
Change Component Designator: OldDesignator=R8 NewDesignator=R10
Change Component Designator: OldDesignator=R9 NewDesignator=R11
Change Component Designator: OldDesignator=R10 NewDesignator=R15
Change Component Designator: OldDesignator=R11 NewDesignator=R17
Change Component Designator: OldDesignator=R12 NewDesignator=R16
Change Component Designator: OldDesignator=R13 NewDesignator=R14
Change Component Designator: OldDesignator=R14 NewDesignator=R9
Added Component: Designator=C1_MotorDrive-A(C_2012[0805])
Add component (AddParameter): Name = "Dielectric"; Value = "X5R"; VariantName = "[No Variations]"
Add component (AddParameter): Name = "LibRef"; Value = "CAP020"; VariantName = "[No Variations]"
Add component (AddParameter): Name = "Manufacturer 1"; Value = "Samsung"; VariantName = "[No Variations]"
Add component (AddParameter): Name = "Manufacturer Part Number 1"; Value = "CL21A106KAYNNNE"; VariantName = "[No Variations]"
Add component (AddParameter): Name = "Mounting Technology"; Value = "SMT"; VariantName = "[No Variations]"
Add component (AddParameter): Name = "Rated Voltage"; Value = "25V"; VariantName = "[No Variations]"
Add component (AddParameter): Name = "Revision"; Value = ""; VariantName = "[No Variations]"
Add component (AddParameter): Name = "Supplier 1"; Value = "LCSC"; VariantName = "[No Variations]"
Add component (AddParameter): Name = "Supplier Part Number 1"; Value = "C86038"; VariantName = "[No Variations]"
Add component (AddParameter): Name = "Tolerance"; Value = "10%"; VariantName = "[No Variations]"
Add component (AddParameter): Name = "Value"; Value = "10uF"; VariantName = "[No Variations]"
Added Component: Designator=C1_MotorDrive-B(C_2012[0805])
Add component (AddParameter): Name = "Dielectric"; Value = "X5R"; VariantName = "[No Variations]"
Add component (AddParameter): Name = "LibRef"; Value = "CAP020"; VariantName = "[No Variations]"
Add component (AddParameter): Name = "Manufacturer 1"; Value = "Samsung"; VariantName = "[No Variations]"
Add component (AddParameter): Name = "Manufacturer Part Number 1"; Value = "CL21A106KAYNNNE"; VariantName = "[No Variations]"
Add component (AddParameter): Name = "Mounting Technology"; Value = "SMT"; VariantName = "[No Variations]"
Add component (AddParameter): Name = "Rated Voltage"; Value = "25V"; VariantName = "[No Variations]"
Add component (AddParameter): Name = "Revision"; Value = ""; VariantName = "[No Variations]"
Add component (AddParameter): Name = "Supplier 1"; Value = "LCSC"; VariantName = "[No Variations]"
Add component (AddParameter): Name = "Supplier Part Number 1"; Value = "C86038"; VariantName = "[No Variations]"
Add component (AddParameter): Name = "Tolerance"; Value = "10%"; VariantName = "[No Variations]"
Add component (AddParameter): Name = "Value"; Value = "10uF"; VariantName = "[No Variations]"
Added Component: Designator=C2_MotorDrive-A(C_2012[0805])
Add component (AddParameter): Name = "Dielectric"; Value = "X5R"; VariantName = "[No Variations]"
Add component (AddParameter): Name = "LibRef"; Value = "CAP020"; VariantName = "[No Variations]"
Add component (AddParameter): Name = "Manufacturer 1"; Value = "Samsung"; VariantName = "[No Variations]"
Add component (AddParameter): Name = "Manufacturer Part Number 1"; Value = "CL21A106KAYNNNE"; VariantName = "[No Variations]"
Add component (AddParameter): Name = "Mounting Technology"; Value = "SMT"; VariantName = "[No Variations]"
Add component (AddParameter): Name = "Rated Voltage"; Value = "25V"; VariantName = "[No Variations]"
Add component (AddParameter): Name = "Revision"; Value = ""; VariantName = "[No Variations]"
Add component (AddParameter): Name = "Supplier 1"; Value = "LCSC"; VariantName = "[No Variations]"
Add component (AddParameter): Name = "Supplier Part Number 1"; Value = "C86038"; VariantName = "[No Variations]"
Add component (AddParameter): Name = "Tolerance"; Value = "10%"; VariantName = "[No Variations]"
Add component (AddParameter): Name = "Value"; Value = "10uF"; VariantName = "[No Variations]"
Added Component: Designator=C2_MotorDrive-B(C_2012[0805])
Add component (AddParameter): Name = "Dielectric"; Value = "X5R"; VariantName = "[No Variations]"
Add component (AddParameter): Name = "LibRef"; Value = "CAP020"; VariantName = "[No Variations]"
Add component (AddParameter): Name = "Manufacturer 1"; Value = "Samsung"; VariantName = "[No Variations]"
Add component (AddParameter): Name = "Manufacturer Part Number 1"; Value = "CL21A106KAYNNNE"; VariantName = "[No Variations]"
Add component (AddParameter): Name = "Mounting Technology"; Value = "SMT"; VariantName = "[No Variations]"
Add component (AddParameter): Name = "Rated Voltage"; Value = "25V"; VariantName = "[No Variations]"
Add component (AddParameter): Name = "Revision"; Value = ""; VariantName = "[No Variations]"
Add component (AddParameter): Name = "Supplier 1"; Value = "LCSC"; VariantName = "[No Variations]"
Add component (AddParameter): Name = "Supplier Part Number 1"; Value = "C86038"; VariantName = "[No Variations]"
Add component (AddParameter): Name = "Tolerance"; Value = "10%"; VariantName = "[No Variations]"
Add component (AddParameter): Name = "Value"; Value = "10uF"; VariantName = "[No Variations]"
Added Component: Designator=C3_MotorDrive-A(C_2012[0805])
Add component (AddParameter): Name = "Dielectric"; Value = "X5R"; VariantName = "[No Variations]"
Add component (AddParameter): Name = "LibRef"; Value = "CAP020"; VariantName = "[No Variations]"
Add component (AddParameter): Name = "Manufacturer 1"; Value = "Samsung"; VariantName = "[No Variations]"
Add component (AddParameter): Name = "Manufacturer Part Number 1"; Value = "CL21A106KAYNNNE"; VariantName = "[No Variations]"
Add component (AddParameter): Name = "Mounting Technology"; Value = "SMT"; VariantName = "[No Variations]"
Add component (AddParameter): Name = "Rated Voltage"; Value = "25V"; VariantName = "[No Variations]"
Add component (AddParameter): Name = "Revision"; Value = ""; VariantName = "[No Variations]"
Add component (AddParameter): Name = "Supplier 1"; Value = "LCSC"; VariantName = "[No Variations]"
Add component (AddParameter): Name = "Supplier Part Number 1"; Value = "C86038"; VariantName = "[No Variations]"
Add component (AddParameter): Name = "Tolerance"; Value = "10%"; VariantName = "[No Variations]"
Add component (AddParameter): Name = "Value"; Value = "10uF"; VariantName = "[No Variations]"
Added Component: Designator=C3_MotorDrive-B(C_2012[0805])
Add component (AddParameter): Name = "Dielectric"; Value = "X5R"; VariantName = "[No Variations]"
Add component (AddParameter): Name = "LibRef"; Value = "CAP020"; VariantName = "[No Variations]"
Add component (AddParameter): Name = "Manufacturer 1"; Value = "Samsung"; VariantName = "[No Variations]"
Add component (AddParameter): Name = "Manufacturer Part Number 1"; Value = "CL21A106KAYNNNE"; VariantName = "[No Variations]"
Add component (AddParameter): Name = "Mounting Technology"; Value = "SMT"; VariantName = "[No Variations]"
Add component (AddParameter): Name = "Rated Voltage"; Value = "25V"; VariantName = "[No Variations]"
Add component (AddParameter): Name = "Revision"; Value = ""; VariantName = "[No Variations]"
Add component (AddParameter): Name = "Supplier 1"; Value = "LCSC"; VariantName = "[No Variations]"
Add component (AddParameter): Name = "Supplier Part Number 1"; Value = "C86038"; VariantName = "[No Variations]"
Add component (AddParameter): Name = "Tolerance"; Value = "10%"; VariantName = "[No Variations]"
Add component (AddParameter): Name = "Value"; Value = "10uF"; VariantName = "[No Variations]"
Added Component: Designator=C4_MotorDrive-A(C_2012[0805])
Add component (AddParameter): Name = "Dielectric"; Value = "X5R"; VariantName = "[No Variations]"
Add component (AddParameter): Name = "LibRef"; Value = "CAP020"; VariantName = "[No Variations]"
Add component (AddParameter): Name = "Manufacturer 1"; Value = "Samsung"; VariantName = "[No Variations]"
Add component (AddParameter): Name = "Manufacturer Part Number 1"; Value = "CL21A106KAYNNNE"; VariantName = "[No Variations]"
Add component (AddParameter): Name = "Mounting Technology"; Value = "SMT"; VariantName = "[No Variations]"
Add component (AddParameter): Name = "Rated Voltage"; Value = "25V"; VariantName = "[No Variations]"
Add component (AddParameter): Name = "Revision"; Value = ""; VariantName = "[No Variations]"
Add component (AddParameter): Name = "Supplier 1"; Value = "LCSC"; VariantName = "[No Variations]"
Add component (AddParameter): Name = "Supplier Part Number 1"; Value = "C86038"; VariantName = "[No Variations]"
Add component (AddParameter): Name = "Tolerance"; Value = "10%"; VariantName = "[No Variations]"
Add component (AddParameter): Name = "Value"; Value = "10uF"; VariantName = "[No Variations]"
Added Component: Designator=C4_MotorDrive-B(C_2012[0805])
Add component (AddParameter): Name = "Dielectric"; Value = "X5R"; VariantName = "[No Variations]"
Add component (AddParameter): Name = "LibRef"; Value = "CAP020"; VariantName = "[No Variations]"
Add component (AddParameter): Name = "Manufacturer 1"; Value = "Samsung"; VariantName = "[No Variations]"
Add component (AddParameter): Name = "Manufacturer Part Number 1"; Value = "CL21A106KAYNNNE"; VariantName = "[No Variations]"
Add component (AddParameter): Name = "Mounting Technology"; Value = "SMT"; VariantName = "[No Variations]"
Add component (AddParameter): Name = "Rated Voltage"; Value = "25V"; VariantName = "[No Variations]"
Add component (AddParameter): Name = "Revision"; Value = ""; VariantName = "[No Variations]"
Add component (AddParameter): Name = "Supplier 1"; Value = "LCSC"; VariantName = "[No Variations]"
Add component (AddParameter): Name = "Supplier Part Number 1"; Value = "C86038"; VariantName = "[No Variations]"
Add component (AddParameter): Name = "Tolerance"; Value = "10%"; VariantName = "[No Variations]"
Add component (AddParameter): Name = "Value"; Value = "10uF"; VariantName = "[No Variations]"
Added Component: Designator=C5_MotorDrive-A(C_1005[0402])
Add component (AddParameter): Name = "Code CEGEP"; Value = "KCOND01SM"; VariantName = "[No Variations]"
Add component (AddParameter): Name = "Dielectric"; Value = "X7R"; VariantName = "[No Variations]"
Add component (AddParameter): Name = "LibRef"; Value = "CAP001"; VariantName = "[No Variations]"
Add component (AddParameter): Name = "Manufacturer 1"; Value = "Taiyo Yuden"; VariantName = "[No Variations]"
Add component (AddParameter): Name = "Manufacturer Part Number 1"; Value = "UMK105B7104KV-FR"; VariantName = "[No Variations]"
Add component (AddParameter): Name = "Mounting Technology"; Value = "SMT"; VariantName = "[No Variations]"
Add component (AddParameter): Name = "Rated Voltage"; Value = "50V"; VariantName = "[No Variations]"
Add component (AddParameter): Name = "Revision"; Value = ""; VariantName = "[No Variations]"
Add component (AddParameter): Name = "Supplier 1"; Value = "LCSC"; VariantName = "[No Variations]"
Add component (AddParameter): Name = "Supplier Part Number 1"; Value = "C2167491"; VariantName = "[No Variations]"
Add component (AddParameter): Name = "Tolerance"; Value = "10%"; VariantName = "[No Variations]"
Add component (AddParameter): Name = "Value"; Value = "100nF"; VariantName = "[No Variations]"
Added Component: Designator=C5_MotorDrive-B(C_1005[0402])
Add component (AddParameter): Name = "Code CEGEP"; Value = "KCOND01SM"; VariantName = "[No Variations]"
Add component (AddParameter): Name = "Dielectric"; Value = "X7R"; VariantName = "[No Variations]"
Add component (AddParameter): Name = "LibRef"; Value = "CAP001"; VariantName = "[No Variations]"
Add component (AddParameter): Name = "Manufacturer 1"; Value = "Taiyo Yuden"; VariantName = "[No Variations]"
Add component (AddParameter): Name = "Manufacturer Part Number 1"; Value = "UMK105B7104KV-FR"; VariantName = "[No Variations]"
Add component (AddParameter): Name = "Mounting Technology"; Value = "SMT"; VariantName = "[No Variations]"
Add component (AddParameter): Name = "Rated Voltage"; Value = "50V"; VariantName = "[No Variations]"
Add component (AddParameter): Name = "Revision"; Value = ""; VariantName = "[No Variations]"
Add component (AddParameter): Name = "Supplier 1"; Value = "LCSC"; VariantName = "[No Variations]"
Add component (AddParameter): Name = "Supplier Part Number 1"; Value = "C2167491"; VariantName = "[No Variations]"
Add component (AddParameter): Name = "Tolerance"; Value = "10%"; VariantName = "[No Variations]"
Add component (AddParameter): Name = "Value"; Value = "100nF"; VariantName = "[No Variations]"
Added Component: Designator=C6_MotorDrive-A(C_1005[0402])
Add component (AddParameter): Name = "Code CEGEP"; Value = "KCOND01SM"; VariantName = "[No Variations]"
Add component (AddParameter): Name = "Dielectric"; Value = "X7R"; VariantName = "[No Variations]"
Add component (AddParameter): Name = "LibRef"; Value = "CAP001"; VariantName = "[No Variations]"
Add component (AddParameter): Name = "Manufacturer 1"; Value = "Taiyo Yuden"; VariantName = "[No Variations]"
Add component (AddParameter): Name = "Manufacturer Part Number 1"; Value = "UMK105B7104KV-FR"; VariantName = "[No Variations]"
Add component (AddParameter): Name = "Mounting Technology"; Value = "SMT"; VariantName = "[No Variations]"
Add component (AddParameter): Name = "Rated Voltage"; Value = "50V"; VariantName = "[No Variations]"
Add component (AddParameter): Name = "Revision"; Value = ""; VariantName = "[No Variations]"
Add component (AddParameter): Name = "Supplier 1"; Value = "LCSC"; VariantName = "[No Variations]"
Add component (AddParameter): Name = "Supplier Part Number 1"; Value = "C2167491"; VariantName = "[No Variations]"
Add component (AddParameter): Name = "Tolerance"; Value = "10%"; VariantName = "[No Variations]"
Add component (AddParameter): Name = "Value"; Value = "100nF"; VariantName = "[No Variations]"
Added Component: Designator=C6_MotorDrive-B(C_1005[0402])
Add component (AddParameter): Name = "Code CEGEP"; Value = "KCOND01SM"; VariantName = "[No Variations]"
Add component (AddParameter): Name = "Dielectric"; Value = "X7R"; VariantName = "[No Variations]"
Add component (AddParameter): Name = "LibRef"; Value = "CAP001"; VariantName = "[No Variations]"
Add component (AddParameter): Name = "Manufacturer 1"; Value = "Taiyo Yuden"; VariantName = "[No Variations]"
Add component (AddParameter): Name = "Manufacturer Part Number 1"; Value = "UMK105B7104KV-FR"; VariantName = "[No Variations]"
Add component (AddParameter): Name = "Mounting Technology"; Value = "SMT"; VariantName = "[No Variations]"
Add component (AddParameter): Name = "Rated Voltage"; Value = "50V"; VariantName = "[No Variations]"
Add component (AddParameter): Name = "Revision"; Value = ""; VariantName = "[No Variations]"
Add component (AddParameter): Name = "Supplier 1"; Value = "LCSC"; VariantName = "[No Variations]"
Add component (AddParameter): Name = "Supplier Part Number 1"; Value = "C2167491"; VariantName = "[No Variations]"
Add component (AddParameter): Name = "Tolerance"; Value = "10%"; VariantName = "[No Variations]"
Add component (AddParameter): Name = "Value"; Value = "100nF"; VariantName = "[No Variations]"
Add Component: Footprint Not Found R_1005[0402]
Add Component: Footprint Not Found R_1005[0402]
Add Component: Footprint Not Found R_1005[0402]
Add Component: Footprint Not Found R_1005[0402]
Add Component: Footprint Not Found R_1005[0402]
Add Component: Footprint Not Found R_1005[0402]
Added Pin To Net: NetName=VM Pin=C1_MotorDrive-A-1
Added Pin To Net: NetName=GND Pin=C1_MotorDrive-A-2
Added Pin To Net: NetName=VM Pin=C1_MotorDrive-B-1
Added Pin To Net: NetName=GND Pin=C1_MotorDrive-B-2
Added Pin To Net: NetName=VM Pin=C2_MotorDrive-A-1
Added Pin To Net: NetName=GND Pin=C2_MotorDrive-A-2
Added Pin To Net: NetName=VM Pin=C2_MotorDrive-B-1
Added Pin To Net: NetName=GND Pin=C2_MotorDrive-B-2
Added Pin To Net: NetName=VM Pin=C3_MotorDrive-A-1
Added Pin To Net: NetName=GND Pin=C3_MotorDrive-A-2
Added Pin To Net: NetName=VM Pin=C3_MotorDrive-B-1
Added Pin To Net: NetName=GND Pin=C3_MotorDrive-B-2
Added Pin To Net: NetName=VM Pin=C4_MotorDrive-A-1
Added Pin To Net: NetName=GND Pin=C4_MotorDrive-A-2
Added Pin To Net: NetName=VM Pin=C4_MotorDrive-B-1
Added Pin To Net: NetName=GND Pin=C4_MotorDrive-B-2
Added Pin To Net: NetName=VCC 3V3 Pin=C5_MotorDrive-A-1
Added Pin To Net: NetName=GND Pin=C5_MotorDrive-A-2
Added Pin To Net: NetName=VCC 3V3 Pin=C5_MotorDrive-B-1
Added Pin To Net: NetName=GND Pin=C5_MotorDrive-B-2
Added Pin To Net: NetName=VM Pin=C6_MotorDrive-A-1
Added Pin To Net: NetName=GND Pin=C6_MotorDrive-A-2
Added Pin To Net: NetName=VM Pin=C6_MotorDrive-B-1
Added Pin To Net: NetName=GND Pin=C6_MotorDrive-B-2
Add Pin To Net: Unknown Pin: Pin R1_MotorDrive-A-2
Add Pin To Net: Unknown Pin: Pin R1_MotorDrive-B-2
Add Pin To Net: Unknown Pin: Pin R2_MotorDrive-A-1
Add Pin To Net: Unknown Pin: Pin R2_MotorDrive-B-1
Add Pin To Net: Unknown Pin: Pin R3_MotorDrive-A-2
Add Pin To Net: Unknown Pin: Pin R3_MotorDrive-B-2
Change Net Name : Old Net Name=NetC8_MotorDrive-B_2 New Net Name=NetC7_MotorDrive-B_2
Change Net Name : Old Net Name=NetR6_1 New Net Name=NetR10_2
Change Net Name : Old Net Name=NetR7_1 New Net Name=NetR11_2
Change Net Name : Old Net Name=NetR10_2 New Net Name=NetR15_2
Change Net Name : Old Net Name=NetR12_1 New Net Name=NetR14_2
Added Pin To Net: NetName=NetR1_MotorDrive-A_1 Pin=U1_MotorDrive-A-2
Added Net: Name=NetR1_MotorDrive-A_1
Added Pin To Net: NetName=NetR1_MotorDrive-B_1 Pin=U1_MotorDrive-B-2
Added Net: Name=NetR1_MotorDrive-B_1
Added Pin To Net: NetName=NetR2_MotorDrive-A_2 Pin=U1_MotorDrive-A-16
Added Net: Name=NetR2_MotorDrive-A_2
Added Pin To Net: NetName=NetR2_MotorDrive-B_2 Pin=U1_MotorDrive-B-16
Added Net: Name=NetR2_MotorDrive-B_2
Added Member To Class: ClassName=MotorDrive-A Member=Component C1_MotorDrive-A (C1) CAP CER 10uF 25V X5R 0805
Added Member To Class: ClassName=MotorDrive-B Member=Component C1_MotorDrive-B (C1) CAP CER 10uF 25V X5R 0805
Added Member To Class: ClassName=MotorDrive-A Member=Component C2_MotorDrive-A (C2) CAP CER 10uF 25V X5R 0805
Added Member To Class: ClassName=MotorDrive-B Member=Component C2_MotorDrive-B (C2) CAP CER 10uF 25V X5R 0805
Added Member To Class: ClassName=MotorDrive-A Member=Component C3_MotorDrive-A (C3) CAP CER 10uF 25V X5R 0805
Added Member To Class: ClassName=MotorDrive-B Member=Component C3_MotorDrive-B (C3) CAP CER 10uF 25V X5R 0805
Added Member To Class: ClassName=MotorDrive-A Member=Component C4_MotorDrive-A (C4) CAP CER 10uF 25V X5R 0805
Added Member To Class: ClassName=MotorDrive-B Member=Component C4_MotorDrive-B (C4) CAP CER 10uF 25V X5R 0805
Added Member To Class: ClassName=MotorDrive-A Member=Component C5_MotorDrive-A (C5) CAP CER 100nF 50V 0402
Added Member To Class: ClassName=MotorDrive-B Member=Component C5_MotorDrive-B (C5) CAP CER 100nF 50V 0402
Added Member To Class: ClassName=MotorDrive-A Member=Component C6_MotorDrive-A (C6) CAP CER 100nF 50V 0402
Added Member To Class: ClassName=MotorDrive-B Member=Component C6_MotorDrive-B (C6) CAP CER 100nF 50V 0402
Add Class Member: Failed to add class member : Component R1_MotorDrive-A (R1) Res 2k2 1% 0402
Add Class Member: Failed to add class member : Component R1_MotorDrive-B (R1) Res 2k2 1% 0402
Add Class Member: Failed to add class member : Component R2_MotorDrive-A (R2) Res 2k2 1% 0402
Add Class Member: Failed to add class member : Component R2_MotorDrive-B (R2) Res 2k2 1% 0402
Add Class Member: Failed to add class member : Component R3_MotorDrive-A (R3) Res 2k2 1% 0402
Add Class Member: Failed to add class member : Component R3_MotorDrive-B (R3) Res 2k2 1% 0402
Added Member To Class: ClassName=Cegep-tabloid Member=Component R17 Res 2k2 1% 0402
