Added Component: Designator=BRK1(BK_CRACK1B_M)
Add component (AddParameter): Name = "Manufacturer"; Value = ""; VariantName = "[No Variations]"
Add component (AddParameter): Name = "Manufacturer2"; Value = ""; VariantName = "[No Variations]"
Add component (AddParameter): Name = "Manufacturer2_PN"; Value = ""; VariantName = "[No Variations]"
Add component (AddParameter): Name = "Manufacturer_PN"; Value = "DNP"; VariantName = "[No Variations]"
Add component (AddParameter): Name = "RoHS"; Value = "N/A"; VariantName = "[No Variations]"
Add component (AddParameter): Name = "Technology"; Value = "N/A"; VariantName = "[No Variations]"
Add component (AddParameter): Name = "Value"; Value = "2mm"; VariantName = "[No Variations]"
Added Component: Designator=BRK2(BK_CRACK1B_M)
Add component (AddParameter): Name = "Manufacturer"; Value = ""; VariantName = "[No Variations]"
Add component (AddParameter): Name = "Manufacturer2"; Value = ""; VariantName = "[No Variations]"
Add component (AddParameter): Name = "Manufacturer2_PN"; Value = ""; VariantName = "[No Variations]"
Add component (AddParameter): Name = "Manufacturer_PN"; Value = "DNP"; VariantName = "[No Variations]"
Add component (AddParameter): Name = "RoHS"; Value = "N/A"; VariantName = "[No Variations]"
Add component (AddParameter): Name = "Technology"; Value = "N/A"; VariantName = "[No Variations]"
Add component (AddParameter): Name = "Value"; Value = "2mm"; VariantName = "[No Variations]"
Added Component: Designator=BRK3(BK_CRACK1B_M)
Add component (AddParameter): Name = "Manufacturer"; Value = ""; VariantName = "[No Variations]"
Add component (AddParameter): Name = "Manufacturer2"; Value = ""; VariantName = "[No Variations]"
Add component (AddParameter): Name = "Manufacturer2_PN"; Value = ""; VariantName = "[No Variations]"
Add component (AddParameter): Name = "Manufacturer_PN"; Value = "DNP"; VariantName = "[No Variations]"
Add component (AddParameter): Name = "RoHS"; Value = "N/A"; VariantName = "[No Variations]"
Add component (AddParameter): Name = "Technology"; Value = "N/A"; VariantName = "[No Variations]"
Add component (AddParameter): Name = "Value"; Value = "2mm"; VariantName = "[No Variations]"
Added Component: Designator=BRK4(BK_CRACK1B_M)
Add component (AddParameter): Name = "Manufacturer"; Value = ""; VariantName = "[No Variations]"
Add component (AddParameter): Name = "Manufacturer2"; Value = ""; VariantName = "[No Variations]"
Add component (AddParameter): Name = "Manufacturer2_PN"; Value = ""; VariantName = "[No Variations]"
Add component (AddParameter): Name = "Manufacturer_PN"; Value = "DNP"; VariantName = "[No Variations]"
Add component (AddParameter): Name = "RoHS"; Value = "N/A"; VariantName = "[No Variations]"
Add component (AddParameter): Name = "Technology"; Value = "N/A"; VariantName = "[No Variations]"
Add component (AddParameter): Name = "Value"; Value = "2mm"; VariantName = "[No Variations]"
Added Component: Designator=Fid1(FD_Fiducial)
Add component (AddParameter): Name = "Manufacturer"; Value = ""; VariantName = "[No Variations]"
Add component (AddParameter): Name = "Manufacturer2"; Value = ""; VariantName = "[No Variations]"
Add component (AddParameter): Name = "Manufacturer2_PN"; Value = ""; VariantName = "[No Variations]"
Add component (AddParameter): Name = "Manufacturer_PN"; Value = "DNP"; VariantName = "[No Variations]"
Add component (AddParameter): Name = "RoHS"; Value = ""; VariantName = "[No Variations]"
Add component (AddParameter): Name = "Technology"; Value = ""; VariantName = "[No Variations]"
Add component (AddParameter): Name = "Value"; Value = "Fiducial for Pick&Place"; VariantName = "[No Variations]"
Added Component: Designator=Fid2(FD_Fiducial)
Add component (AddParameter): Name = "Manufacturer"; Value = ""; VariantName = "[No Variations]"
Add component (AddParameter): Name = "Manufacturer2"; Value = ""; VariantName = "[No Variations]"
Add component (AddParameter): Name = "Manufacturer2_PN"; Value = ""; VariantName = "[No Variations]"
Add component (AddParameter): Name = "Manufacturer_PN"; Value = "DNP"; VariantName = "[No Variations]"
Add component (AddParameter): Name = "RoHS"; Value = ""; VariantName = "[No Variations]"
Add component (AddParameter): Name = "Technology"; Value = ""; VariantName = "[No Variations]"
Add component (AddParameter): Name = "Value"; Value = "Fiducial for Pick&Place"; VariantName = "[No Variations]"
Added Component: Designator=Fid3(FD_Fiducial)
Add component (AddParameter): Name = "Manufacturer"; Value = ""; VariantName = "[No Variations]"
Add component (AddParameter): Name = "Manufacturer2"; Value = ""; VariantName = "[No Variations]"
Add component (AddParameter): Name = "Manufacturer2_PN"; Value = ""; VariantName = "[No Variations]"
Add component (AddParameter): Name = "Manufacturer_PN"; Value = "DNP"; VariantName = "[No Variations]"
Add component (AddParameter): Name = "RoHS"; Value = ""; VariantName = "[No Variations]"
Add component (AddParameter): Name = "Technology"; Value = ""; VariantName = "[No Variations]"
Add component (AddParameter): Name = "Value"; Value = "Fiducial for Pick&Place"; VariantName = "[No Variations]"
Added Component: Designator=Fid4(FD_Fiducial)
Add component (AddParameter): Name = "Manufacturer"; Value = ""; VariantName = "[No Variations]"
Add component (AddParameter): Name = "Manufacturer2"; Value = ""; VariantName = "[No Variations]"
Add component (AddParameter): Name = "Manufacturer2_PN"; Value = ""; VariantName = "[No Variations]"
Add component (AddParameter): Name = "Manufacturer_PN"; Value = "DNP"; VariantName = "[No Variations]"
Add component (AddParameter): Name = "RoHS"; Value = ""; VariantName = "[No Variations]"
Add component (AddParameter): Name = "Technology"; Value = ""; VariantName = "[No Variations]"
Add component (AddParameter): Name = "Value"; Value = "Fiducial for Pick&Place"; VariantName = "[No Variations]"
Added Component: Designator=Fid5(FD_Fiducial)
Add component (AddParameter): Name = "Manufacturer"; Value = ""; VariantName = "[No Variations]"
Add component (AddParameter): Name = "Manufacturer2"; Value = ""; VariantName = "[No Variations]"
Add component (AddParameter): Name = "Manufacturer2_PN"; Value = ""; VariantName = "[No Variations]"
Add component (AddParameter): Name = "Manufacturer_PN"; Value = "DNP"; VariantName = "[No Variations]"
Add component (AddParameter): Name = "RoHS"; Value = ""; VariantName = "[No Variations]"
Add component (AddParameter): Name = "Technology"; Value = ""; VariantName = "[No Variations]"
Add component (AddParameter): Name = "Value"; Value = "Fiducial for Pick&Place"; VariantName = "[No Variations]"
Added Component: Designator=Fid6(FD_Fiducial)
Add component (AddParameter): Name = "Manufacturer"; Value = ""; VariantName = "[No Variations]"
Add component (AddParameter): Name = "Manufacturer2"; Value = ""; VariantName = "[No Variations]"
Add component (AddParameter): Name = "Manufacturer2_PN"; Value = ""; VariantName = "[No Variations]"
Add component (AddParameter): Name = "Manufacturer_PN"; Value = "DNP"; VariantName = "[No Variations]"
Add component (AddParameter): Name = "RoHS"; Value = ""; VariantName = "[No Variations]"
Add component (AddParameter): Name = "Technology"; Value = ""; VariantName = "[No Variations]"
Add component (AddParameter): Name = "Value"; Value = "Fiducial for Pick&Place"; VariantName = "[No Variations]"
Added Component: Designator=MH1(MP_M-Hole_M2-NonPlated)
Add component (AddParameter): Name = "Code CEGEP"; Value = ""; VariantName = "[No Variations]"
Add component (AddParameter): Name = "Localisation"; Value = ""; VariantName = "[No Variations]"
Add component (AddParameter): Name = "Manufacturer 1"; Value = ""; VariantName = "[No Variations]"
Add component (AddParameter): Name = "Manufacturer 2"; Value = ""; VariantName = "[No Variations]"
Add component (AddParameter): Name = "Manufacturer 3"; Value = ""; VariantName = "[No Variations]"
Add component (AddParameter): Name = "Manufacturer Part Number 1"; Value = "DNP"; VariantName = "[No Variations]"
Add component (AddParameter): Name = "Manufacturer Part Number 2"; Value = ""; VariantName = "[No Variations]"
Add component (AddParameter): Name = "Manufacturer Part Number 3"; Value = ""; VariantName = "[No Variations]"
Add component (AddParameter): Name = "Mounting Technology"; Value = ""; VariantName = "[No Variations]"
Add component (AddParameter): Name = "Supplier 1"; Value = ""; VariantName = "[No Variations]"
Add component (AddParameter): Name = "Supplier 2"; Value = ""; VariantName = "[No Variations]"
Add component (AddParameter): Name = "Supplier 3"; Value = ""; VariantName = "[No Variations]"
Add component (AddParameter): Name = "Supplier Part Number 1"; Value = "N/A"; VariantName = "[No Variations]"
Add component (AddParameter): Name = "Supplier Part Number 2"; Value = ""; VariantName = "[No Variations]"
Add component (AddParameter): Name = "Supplier Part Number 3"; Value = ""; VariantName = "[No Variations]"
Add component (AddParameter): Name = "Value"; Value = "Mounting Hole 2mm non plated"; VariantName = "[No Variations]"
Added Component: Designator=MH2(MP_M-Hole_M2-NonPlated)
Add component (AddParameter): Name = "Code CEGEP"; Value = ""; VariantName = "[No Variations]"
Add component (AddParameter): Name = "Localisation"; Value = ""; VariantName = "[No Variations]"
Add component (AddParameter): Name = "Manufacturer 1"; Value = ""; VariantName = "[No Variations]"
Add component (AddParameter): Name = "Manufacturer 2"; Value = ""; VariantName = "[No Variations]"
Add component (AddParameter): Name = "Manufacturer 3"; Value = ""; VariantName = "[No Variations]"
Add component (AddParameter): Name = "Manufacturer Part Number 1"; Value = "DNP"; VariantName = "[No Variations]"
Add component (AddParameter): Name = "Manufacturer Part Number 2"; Value = ""; VariantName = "[No Variations]"
Add component (AddParameter): Name = "Manufacturer Part Number 3"; Value = ""; VariantName = "[No Variations]"
Add component (AddParameter): Name = "Mounting Technology"; Value = ""; VariantName = "[No Variations]"
Add component (AddParameter): Name = "Supplier 1"; Value = ""; VariantName = "[No Variations]"
Add component (AddParameter): Name = "Supplier 2"; Value = ""; VariantName = "[No Variations]"
Add component (AddParameter): Name = "Supplier 3"; Value = ""; VariantName = "[No Variations]"
Add component (AddParameter): Name = "Supplier Part Number 1"; Value = "N/A"; VariantName = "[No Variations]"
Add component (AddParameter): Name = "Supplier Part Number 2"; Value = ""; VariantName = "[No Variations]"
Add component (AddParameter): Name = "Supplier Part Number 3"; Value = ""; VariantName = "[No Variations]"
Add component (AddParameter): Name = "Value"; Value = "Mounting Hole 2mm non plated"; VariantName = "[No Variations]"
Added Component: Designator=MH3(MP_M-Hole_M2-NonPlated)
Add component (AddParameter): Name = "Code CEGEP"; Value = ""; VariantName = "[No Variations]"
Add component (AddParameter): Name = "Localisation"; Value = ""; VariantName = "[No Variations]"
Add component (AddParameter): Name = "Manufacturer 1"; Value = ""; VariantName = "[No Variations]"
Add component (AddParameter): Name = "Manufacturer 2"; Value = ""; VariantName = "[No Variations]"
Add component (AddParameter): Name = "Manufacturer 3"; Value = ""; VariantName = "[No Variations]"
Add component (AddParameter): Name = "Manufacturer Part Number 1"; Value = "DNP"; VariantName = "[No Variations]"
Add component (AddParameter): Name = "Manufacturer Part Number 2"; Value = ""; VariantName = "[No Variations]"
Add component (AddParameter): Name = "Manufacturer Part Number 3"; Value = ""; VariantName = "[No Variations]"
Add component (AddParameter): Name = "Mounting Technology"; Value = ""; VariantName = "[No Variations]"
Add component (AddParameter): Name = "Supplier 1"; Value = ""; VariantName = "[No Variations]"
Add component (AddParameter): Name = "Supplier 2"; Value = ""; VariantName = "[No Variations]"
Add component (AddParameter): Name = "Supplier 3"; Value = ""; VariantName = "[No Variations]"
Add component (AddParameter): Name = "Supplier Part Number 1"; Value = "N/A"; VariantName = "[No Variations]"
Add component (AddParameter): Name = "Supplier Part Number 2"; Value = ""; VariantName = "[No Variations]"
Add component (AddParameter): Name = "Supplier Part Number 3"; Value = ""; VariantName = "[No Variations]"
Add component (AddParameter): Name = "Value"; Value = "Mounting Hole 2mm non plated"; VariantName = "[No Variations]"
Added Component: Designator=MH4(MP_M-Hole_M2-NonPlated)
Add component (AddParameter): Name = "Code CEGEP"; Value = ""; VariantName = "[No Variations]"
Add component (AddParameter): Name = "Localisation"; Value = ""; VariantName = "[No Variations]"
Add component (AddParameter): Name = "Manufacturer 1"; Value = ""; VariantName = "[No Variations]"
Add component (AddParameter): Name = "Manufacturer 2"; Value = ""; VariantName = "[No Variations]"
Add component (AddParameter): Name = "Manufacturer 3"; Value = ""; VariantName = "[No Variations]"
Add component (AddParameter): Name = "Manufacturer Part Number 1"; Value = "DNP"; VariantName = "[No Variations]"
Add component (AddParameter): Name = "Manufacturer Part Number 2"; Value = ""; VariantName = "[No Variations]"
Add component (AddParameter): Name = "Manufacturer Part Number 3"; Value = ""; VariantName = "[No Variations]"
Add component (AddParameter): Name = "Mounting Technology"; Value = ""; VariantName = "[No Variations]"
Add component (AddParameter): Name = "Supplier 1"; Value = ""; VariantName = "[No Variations]"
Add component (AddParameter): Name = "Supplier 2"; Value = ""; VariantName = "[No Variations]"
Add component (AddParameter): Name = "Supplier 3"; Value = ""; VariantName = "[No Variations]"
Add component (AddParameter): Name = "Supplier Part Number 1"; Value = "N/A"; VariantName = "[No Variations]"
Add component (AddParameter): Name = "Supplier Part Number 2"; Value = ""; VariantName = "[No Variations]"
Add component (AddParameter): Name = "Supplier Part Number 3"; Value = ""; VariantName = "[No Variations]"
Add component (AddParameter): Name = "Value"; Value = "Mounting Hole 2mm non plated"; VariantName = "[No Variations]"
Added Member To Class: ClassName=Cegep-tabloid Member=Component BRK1 DNP
Added Member To Class: ClassName=Cegep-tabloid Member=Component BRK2 DNP
Added Member To Class: ClassName=Cegep-tabloid Member=Component BRK3 DNP
Added Member To Class: ClassName=Cegep-tabloid Member=Component BRK4 DNP
Added Member To Class: ClassName=Cegep-tabloid Member=Component Fid1 DNP
Added Member To Class: ClassName=Cegep-tabloid Member=Component Fid2 DNP
Added Member To Class: ClassName=Cegep-tabloid Member=Component Fid3 DNP
Added Member To Class: ClassName=Cegep-tabloid Member=Component Fid4 DNP
Added Member To Class: ClassName=Cegep-tabloid Member=Component Fid5 DNP
Added Member To Class: ClassName=Cegep-tabloid Member=Component Fid6 DNP
Added Member To Class: ClassName=Cegep-tabloid Member=Component MH1 DNP
Added Member To Class: ClassName=Cegep-tabloid Member=Component MH2 DNP
Added Member To Class: ClassName=Cegep-tabloid Member=Component MH3 DNP
Added Member To Class: ClassName=Cegep-tabloid Member=Component MH4 DNP
